0 info it worked if it ends with ok
1 verbose cli [ '/usr/local/Cellar/node/4.2.1/bin/node',
1 verbose cli   '/usr/local/bin/npm',
1 verbose cli   'install',
1 verbose cli   '--save',
1 verbose cli   'bower-angular-i18n' ]
2 info using npm@2.14.7
3 info using node@v4.2.1
4 verbose install initial load of /Users/michael/Workspaces/rangle/ci-financial/ci-i18n-angular/package.json
5 warn package.json workshop@0.0.0 No description
6 warn package.json workshop@0.0.0 No repository field.
7 warn package.json workshop@0.0.0 No README data
8 verbose installManyTop reading scoped package data from /Users/michael/Workspaces/rangle/ci-financial/ci-i18n-angular/node_modules/angular-message-format/package.json
9 verbose installManyTop reading scoped package data from /Users/michael/Workspaces/rangle/ci-financial/ci-i18n-angular/node_modules/angular-translate/package.json
10 verbose installManyTop reading scoped package data from /Users/michael/Workspaces/rangle/ci-financial/ci-i18n-angular/node_modules/angular-translate-interpolation-messageformat/package.json
11 verbose installManyTop reading scoped package data from /Users/michael/Workspaces/rangle/ci-financial/ci-i18n-angular/node_modules/browser-sync/package.json
12 verbose installManyTop reading scoped package data from /Users/michael/Workspaces/rangle/ci-financial/ci-i18n-angular/node_modules/browser-sync-spa/package.json
13 verbose installManyTop reading scoped package data from /Users/michael/Workspaces/rangle/ci-financial/ci-i18n-angular/node_modules/chalk/package.json
14 verbose installManyTop reading scoped package data from /Users/michael/Workspaces/rangle/ci-financial/ci-i18n-angular/node_modules/del/package.json
15 verbose installManyTop reading scoped package data from /Users/michael/Workspaces/rangle/ci-financial/ci-i18n-angular/node_modules/eslint-plugin-angular/package.json
16 verbose installManyTop reading scoped package data from /Users/michael/Workspaces/rangle/ci-financial/ci-i18n-angular/node_modules/estraverse/package.json
17 verbose installManyTop reading scoped package data from /Users/michael/Workspaces/rangle/ci-financial/ci-i18n-angular/node_modules/gulp/package.json
18 verbose installManyTop reading scoped package data from /Users/michael/Workspaces/rangle/ci-financial/ci-i18n-angular/node_modules/gulp-angular-filesort/package.json
19 verbose installManyTop reading scoped package data from /Users/michael/Workspaces/rangle/ci-financial/ci-i18n-angular/node_modules/gulp-angular-templatecache/package.json
20 verbose installManyTop reading scoped package data from /Users/michael/Workspaces/rangle/ci-financial/ci-i18n-angular/node_modules/gulp-angular-translate/package.json
21 verbose installManyTop reading scoped package data from /Users/michael/Workspaces/rangle/ci-financial/ci-i18n-angular/node_modules/gulp-angular-translate-extract/package.json
22 verbose installManyTop reading scoped package data from /Users/michael/Workspaces/rangle/ci-financial/ci-i18n-angular/node_modules/gulp-autoprefixer/package.json
23 verbose installManyTop reading scoped package data from /Users/michael/Workspaces/rangle/ci-financial/ci-i18n-angular/node_modules/gulp-eslint/package.json
24 verbose installManyTop reading scoped package data from /Users/michael/Workspaces/rangle/ci-financial/ci-i18n-angular/node_modules/gulp-filter/package.json
25 verbose installManyTop reading scoped package data from /Users/michael/Workspaces/rangle/ci-financial/ci-i18n-angular/node_modules/gulp-flatten/package.json
26 verbose installManyTop reading scoped package data from /Users/michael/Workspaces/rangle/ci-financial/ci-i18n-angular/node_modules/gulp-inject/package.json
27 verbose installManyTop reading scoped package data from /Users/michael/Workspaces/rangle/ci-financial/ci-i18n-angular/node_modules/gulp-json-editor/package.json
28 verbose installManyTop reading scoped package data from /Users/michael/Workspaces/rangle/ci-financial/ci-i18n-angular/node_modules/gulp-load-plugins/package.json
29 verbose installManyTop reading scoped package data from /Users/michael/Workspaces/rangle/ci-financial/ci-i18n-angular/node_modules/gulp-minify-css/package.json
30 verbose installManyTop reading scoped package data from /Users/michael/Workspaces/rangle/ci-financial/ci-i18n-angular/node_modules/gulp-minify-html/package.json
31 verbose installManyTop reading scoped package data from /Users/michael/Workspaces/rangle/ci-financial/ci-i18n-angular/node_modules/gulp-ng-annotate/package.json
32 verbose installManyTop reading scoped package data from /Users/michael/Workspaces/rangle/ci-financial/ci-i18n-angular/node_modules/gulp-protractor/package.json
33 verbose installManyTop reading scoped package data from /Users/michael/Workspaces/rangle/ci-financial/ci-i18n-angular/node_modules/gulp-pseudo-translate-angular-json/package.json
34 verbose installManyTop reading scoped package data from /Users/michael/Workspaces/rangle/ci-financial/ci-i18n-angular/node_modules/gulp-rename/package.json
35 verbose installManyTop reading scoped package data from /Users/michael/Workspaces/rangle/ci-financial/ci-i18n-angular/node_modules/gulp-replace/package.json
36 verbose installManyTop reading scoped package data from /Users/michael/Workspaces/rangle/ci-financial/ci-i18n-angular/node_modules/gulp-rev/package.json
37 verbose installManyTop reading scoped package data from /Users/michael/Workspaces/rangle/ci-financial/ci-i18n-angular/node_modules/gulp-rev-replace/package.json
38 verbose installManyTop reading scoped package data from /Users/michael/Workspaces/rangle/ci-financial/ci-i18n-angular/node_modules/gulp-size/package.json
39 verbose installManyTop reading scoped package data from /Users/michael/Workspaces/rangle/ci-financial/ci-i18n-angular/node_modules/gulp-sourcemaps/package.json
40 verbose installManyTop reading scoped package data from /Users/michael/Workspaces/rangle/ci-financial/ci-i18n-angular/node_modules/gulp-uglify/package.json
41 verbose installManyTop reading scoped package data from /Users/michael/Workspaces/rangle/ci-financial/ci-i18n-angular/node_modules/gulp-useref/package.json
42 verbose installManyTop reading scoped package data from /Users/michael/Workspaces/rangle/ci-financial/ci-i18n-angular/node_modules/gulp-util/package.json
43 verbose installManyTop reading scoped package data from /Users/michael/Workspaces/rangle/ci-financial/ci-i18n-angular/node_modules/http-proxy-middleware/package.json
44 verbose installManyTop reading scoped package data from /Users/michael/Workspaces/rangle/ci-financial/ci-i18n-angular/node_modules/jasmine-core/package.json
45 verbose installManyTop reading scoped package data from /Users/michael/Workspaces/rangle/ci-financial/ci-i18n-angular/node_modules/karma/package.json
46 verbose installManyTop reading scoped package data from /Users/michael/Workspaces/rangle/ci-financial/ci-i18n-angular/node_modules/karma-angular-filesort/package.json
47 verbose installManyTop reading scoped package data from /Users/michael/Workspaces/rangle/ci-financial/ci-i18n-angular/node_modules/karma-coverage/package.json
48 verbose installManyTop reading scoped package data from /Users/michael/Workspaces/rangle/ci-financial/ci-i18n-angular/node_modules/karma-jasmine/package.json
49 verbose installManyTop reading scoped package data from /Users/michael/Workspaces/rangle/ci-financial/ci-i18n-angular/node_modules/karma-ng-html2js-preprocessor/package.json
50 verbose installManyTop reading scoped package data from /Users/michael/Workspaces/rangle/ci-financial/ci-i18n-angular/node_modules/karma-phantomjs-launcher/package.json
51 verbose installManyTop reading scoped package data from /Users/michael/Workspaces/rangle/ci-financial/ci-i18n-angular/node_modules/lodash/package.json
52 verbose installManyTop reading scoped package data from /Users/michael/Workspaces/rangle/ci-financial/ci-i18n-angular/node_modules/main-bower-files/package.json
53 verbose installManyTop reading scoped package data from /Users/michael/Workspaces/rangle/ci-financial/ci-i18n-angular/node_modules/messageformat/package.json
54 verbose installManyTop reading scoped package data from /Users/michael/Workspaces/rangle/ci-financial/ci-i18n-angular/node_modules/phantomjs/package.json
55 verbose installManyTop reading scoped package data from /Users/michael/Workspaces/rangle/ci-financial/ci-i18n-angular/node_modules/uglify-save-license/package.json
56 verbose installManyTop reading scoped package data from /Users/michael/Workspaces/rangle/ci-financial/ci-i18n-angular/node_modules/wiredep/package.json
57 verbose installManyTop reading scoped package data from /Users/michael/Workspaces/rangle/ci-financial/ci-i18n-angular/node_modules/wrench/package.json
58 info package.json gulp-protractor@1.0.0 No license field.
59 info package.json gulp-rename@1.2.2 No license field.
60 info package.json uglify-save-license@0.4.1 No license field.
61 info package.json gulp-inject@3.0.0 No license field.
62 info package.json messageformat@0.2.2 license should be a valid SPDX license expression
63 info package.json wiredep@2.2.2 No license field.
64 info package.json wrench@1.5.8 No license field.
65 verbose readDependencies loading dependencies from /Users/michael/Workspaces/rangle/ci-financial/ci-i18n-angular/package.json
66 silly cache add args [ 'bower-angular-i18n', null ]
67 verbose cache add spec bower-angular-i18n
68 silly cache add parsed spec Result {
68 silly cache add   raw: 'bower-angular-i18n',
68 silly cache add   scope: null,
68 silly cache add   name: 'bower-angular-i18n',
68 silly cache add   rawSpec: '',
68 silly cache add   spec: '*',
68 silly cache add   type: 'range' }
69 silly addNamed bower-angular-i18n@*
70 verbose addNamed "*" is a valid semver range for bower-angular-i18n
71 silly addNameRange { name: 'bower-angular-i18n', range: '*', hasData: false }
72 silly mapToRegistry name bower-angular-i18n
73 silly mapToRegistry using default registry
74 silly mapToRegistry registry https://registry.npmjs.org/
75 silly mapToRegistry uri https://registry.npmjs.org/bower-angular-i18n
76 verbose addNameRange registry:https://registry.npmjs.org/bower-angular-i18n not in flight; fetching
77 verbose request uri https://registry.npmjs.org/bower-angular-i18n
78 verbose request no auth needed
79 info attempt registry request try #1 at 7:46:31 AM
80 verbose request id 9842dc56a455475b
81 http request GET https://registry.npmjs.org/bower-angular-i18n
82 http 404 https://registry.npmjs.org/bower-angular-i18n
83 verbose headers { 'content-type': 'application/json',
83 verbose headers   'cache-control': 'max-age=0',
83 verbose headers   'content-length': '2',
83 verbose headers   'accept-ranges': 'bytes',
83 verbose headers   date: 'Fri, 04 Dec 2015 12:46:31 GMT',
83 verbose headers   via: '1.1 varnish',
83 verbose headers   age: '0',
83 verbose headers   connection: 'keep-alive',
83 verbose headers   'x-served-by': 'cache-ord1730-ORD',
83 verbose headers   'x-cache': 'MISS',
83 verbose headers   'x-cache-hits': '0',
83 verbose headers   'x-timer': 'S1449233191.621529,VS0,VE304' }
84 silly get cb [ 404,
84 silly get   { 'content-type': 'application/json',
84 silly get     'cache-control': 'max-age=0',
84 silly get     'content-length': '2',
84 silly get     'accept-ranges': 'bytes',
84 silly get     date: 'Fri, 04 Dec 2015 12:46:31 GMT',
84 silly get     via: '1.1 varnish',
84 silly get     age: '0',
84 silly get     connection: 'keep-alive',
84 silly get     'x-served-by': 'cache-ord1730-ORD',
84 silly get     'x-cache': 'MISS',
84 silly get     'x-cache-hits': '0',
84 silly get     'x-timer': 'S1449233191.621529,VS0,VE304' } ]
85 verbose stack Error: Registry returned 404 for GET on https://registry.npmjs.org/bower-angular-i18n
85 verbose stack     at makeError (/usr/local/lib/node_modules/npm/node_modules/npm-registry-client/lib/request.js:264:12)
85 verbose stack     at CachingRegistryClient.<anonymous> (/usr/local/lib/node_modules/npm/node_modules/npm-registry-client/lib/request.js:242:14)
85 verbose stack     at Request._callback (/usr/local/lib/node_modules/npm/node_modules/npm-registry-client/lib/request.js:172:14)
85 verbose stack     at Request.self.callback (/usr/local/lib/node_modules/npm/node_modules/request/request.js:198:22)
85 verbose stack     at emitTwo (events.js:87:13)
85 verbose stack     at Request.emit (events.js:172:7)
85 verbose stack     at Request.<anonymous> (/usr/local/lib/node_modules/npm/node_modules/request/request.js:1063:14)
85 verbose stack     at emitOne (events.js:82:20)
85 verbose stack     at Request.emit (events.js:169:7)
85 verbose stack     at IncomingMessage.<anonymous> (/usr/local/lib/node_modules/npm/node_modules/request/request.js:1009:12)
86 verbose statusCode 404
87 verbose pkgid bower-angular-i18n
88 verbose cwd /Users/michael/Workspaces/rangle/ci-financial/ci-i18n-angular
89 error Darwin 14.5.0
90 error argv "/usr/local/Cellar/node/4.2.1/bin/node" "/usr/local/bin/npm" "install" "--save" "bower-angular-i18n"
91 error node v4.2.1
92 error npm  v2.14.7
93 error code E404
94 error 404 Registry returned 404 for GET on https://registry.npmjs.org/bower-angular-i18n
94 error 404
94 error 404 'bower-angular-i18n' is not in the npm registry.
94 error 404 You should bug the author to publish it (or use the name yourself!)
94 error 404 It was specified as a dependency of 'workshop'
94 error 404
94 error 404 Note that you can also install from a
94 error 404 tarball, folder, http url, or git url.
95 verbose exit [ 1, true ]
